<?xml version="1.0" encoding="UTF-8"?>
<!-- Generated by org.testng.reporters.JUnitXMLReporter -->
<testsuite ignored="0" hostname="DESKTOP-BVUI3A2" failures="0" tests="2" name="Login Error Validation" time="14.64" errors="0" timestamp="2023-09-16T20:51:17 IST">
  <testcase classname="ShoppingCart.ErrorValidationTest" name="LoginErrorValidation" time="0.672"/>
  <testcase classname="ShoppingCart.ErrorValidationTest" name="productErrorValidate" time="2.703"/>
</testsuite> <!-- Login Error Validation -->
